Determining if the pthread_create exist failed with the following output:
Change Dir: /home/gom/orbslam_ros_ws/build/CMakeFiles/CMakeTmp

Run Build Command:"/usr/bin/make" "cmTC_5fe8b/fast"
/usr/bin/make -f CMakeFiles/cmTC_5fe8b.dir/build.make CMakeFiles/cmTC_5fe8b.dir/build
make[1]: Entering directory '/home/gom/orbslam_ros_ws/build/CMakeFiles/CMakeTmp'
Building C object CMakeFiles/cmTC_5fe8b.dir/CheckSymbolExists.c.o
/usr/bin/cc     -o CMakeFiles/cmTC_5fe8b.dir/CheckSymbolExists.c.o   -c /home/gom/orbslam_ros_ws/build/CMakeFiles/CMakeTmp/CheckSymbolExists.c
Linking C executable cmTC_5fe8b
/usr/bin/cmake -E cmake_link_script CMakeFiles/cmTC_5fe8b.dir/link.txt --verbose=1
/usr/bin/cc       CMakeFiles/cmTC_5fe8b.dir/CheckSymbolExists.c.o  -o cmTC_5fe8b -rdynamic 
CMakeFiles/cmTC_5fe8b.dir/CheckSymbolExists.c.o: In function `main':
CheckSymbolExists.c:(.text+0x16): undefined reference to `pthread_create'
collect2: error: ld returned 1 exit status
CMakeFiles/cmTC_5fe8b.dir/build.make:97: recipe for target 'cmTC_5fe8b' failed
make[1]: *** [cmTC_5fe8b] Error 1
make[1]: Leaving directory '/home/gom/orbslam_ros_ws/build/CMakeFiles/CMakeTmp'
Makefile:126: recipe for target 'cmTC_5fe8b/fast' failed
make: *** [cmTC_5fe8b/fast] Error 2

File /home/gom/orbslam_ros_ws/build/CMakeFiles/CMakeTmp/CheckSymbolExists.c:
/* */
#include <pthread.h>

int main(int argc, char** argv)
{
  (void)argv;
#ifndef pthread_create
  return ((int*)(&pthread_create))[argc];
#else
  (void)argc;
  return 0;
#endif
}

Determining if the function pthread_create exists in the pthreads failed with the following output:
Change Dir: /home/gom/orbslam_ros_ws/build/CMakeFiles/CMakeTmp

Run Build Command:"/usr/bin/make" "cmTC_caa57/fast"
/usr/bin/make -f CMakeFiles/cmTC_caa57.dir/build.make CMakeFiles/cmTC_caa57.dir/build
make[1]: Entering directory '/home/gom/orbslam_ros_ws/build/CMakeFiles/CMakeTmp'
Building C object CMakeFiles/cmTC_caa57.dir/CheckFunctionExists.c.o
/usr/bin/cc    -DCHECK_FUNCTION_EXISTS=pthread_create   -o CMakeFiles/cmTC_caa57.dir/CheckFunctionExists.c.o   -c /usr/share/cmake-3.5/Modules/CheckFunctionExists.c
Linking C executable cmTC_caa57
/usr/bin/cmake -E cmake_link_script CMakeFiles/cmTC_caa57.dir/link.txt --verbose=1
/usr/bin/cc   -DCHECK_FUNCTION_EXISTS=pthread_create    CMakeFiles/cmTC_caa57.dir/CheckFunctionExists.c.o  -o cmTC_caa57 -rdynamic -lpthreads 
/usr/bin/ld: cannot find -lpthreads
collect2: error: ld returned 1 exit status
CMakeFiles/cmTC_caa57.dir/build.make:97: recipe for target 'cmTC_caa57' failed
make[1]: *** [cmTC_caa57] Error 1
make[1]: Leaving directory '/home/gom/orbslam_ros_ws/build/CMakeFiles/CMakeTmp'
Makefile:126: recipe for target 'cmTC_caa57/fast' failed
make: *** [cmTC_caa57/fast] Error 2


