Determining if the pthread_create exist failed with the following output:
Change Dir: /home/gom/darknet_workspace/build/CMakeFiles/CMakeTmp

Run Build Command:"/usr/bin/make" "cmTC_cb7a2/fast"
/usr/bin/make -f CMakeFiles/cmTC_cb7a2.dir/build.make CMakeFiles/cmTC_cb7a2.dir/build
make[1]: Entering directory '/home/gom/darknet_workspace/build/CMakeFiles/CMakeTmp'
Building C object CMakeFiles/cmTC_cb7a2.dir/CheckSymbolExists.c.o
/usr/bin/cc     -o CMakeFiles/cmTC_cb7a2.dir/CheckSymbolExists.c.o   -c /home/gom/darknet_workspace/build/CMakeFiles/CMakeTmp/CheckSymbolExists.c
Linking C executable cmTC_cb7a2
/usr/bin/cmake -E cmake_link_script CMakeFiles/cmTC_cb7a2.dir/link.txt --verbose=1
/usr/bin/cc       CMakeFiles/cmTC_cb7a2.dir/CheckSymbolExists.c.o  -o cmTC_cb7a2 -rdynamic 
CMakeFiles/cmTC_cb7a2.dir/CheckSymbolExists.c.o: In function `main':
CheckSymbolExists.c:(.text+0x16): undefined reference to `pthread_create'
collect2: error: ld returned 1 exit status
CMakeFiles/cmTC_cb7a2.dir/build.make:97: recipe for target 'cmTC_cb7a2' failed
make[1]: *** [cmTC_cb7a2] Error 1
make[1]: Leaving directory '/home/gom/darknet_workspace/build/CMakeFiles/CMakeTmp'
Makefile:126: recipe for target 'cmTC_cb7a2/fast' failed
make: *** [cmTC_cb7a2/fast] Error 2

File /home/gom/darknet_workspace/build/CMakeFiles/CMakeTmp/CheckSymbolExists.c:
/* */
#include <pthread.h>

int main(int argc, char** argv)
{
  (void)argv;
#ifndef pthread_create
  return ((int*)(&pthread_create))[argc];
#else
  (void)argc;
  return 0;
#endif
}

Determining if the function pthread_create exists in the pthreads failed with the following output:
Change Dir: /home/gom/darknet_workspace/build/CMakeFiles/CMakeTmp

Run Build Command:"/usr/bin/make" "cmTC_deff6/fast"
/usr/bin/make -f CMakeFiles/cmTC_deff6.dir/build.make CMakeFiles/cmTC_deff6.dir/build
make[1]: Entering directory '/home/gom/darknet_workspace/build/CMakeFiles/CMakeTmp'
Building C object CMakeFiles/cmTC_deff6.dir/CheckFunctionExists.c.o
/usr/bin/cc    -DCHECK_FUNCTION_EXISTS=pthread_create   -o CMakeFiles/cmTC_deff6.dir/CheckFunctionExists.c.o   -c /usr/share/cmake-3.5/Modules/CheckFunctionExists.c
Linking C executable cmTC_deff6
/usr/bin/cmake -E cmake_link_script CMakeFiles/cmTC_deff6.dir/link.txt --verbose=1
/usr/bin/cc   -DCHECK_FUNCTION_EXISTS=pthread_create    CMakeFiles/cmTC_deff6.dir/CheckFunctionExists.c.o  -o cmTC_deff6 -rdynamic -lpthreads 
/usr/bin/ld: cannot find -lpthreads
collect2: error: ld returned 1 exit status
CMakeFiles/cmTC_deff6.dir/build.make:97: recipe for target 'cmTC_deff6' failed
make[1]: *** [cmTC_deff6] Error 1
make[1]: Leaving directory '/home/gom/darknet_workspace/build/CMakeFiles/CMakeTmp'
Makefile:126: recipe for target 'cmTC_deff6/fast' failed
make: *** [cmTC_deff6/fast] Error 2


Determining if the pthread_create exist failed with the following output:
Change Dir: /home/gom/darknet_workspace/build/CMakeFiles/CMakeTmp

Run Build Command:"/usr/bin/make" "cmTC_0fe8d/fast"
/usr/bin/make -f CMakeFiles/cmTC_0fe8d.dir/build.make CMakeFiles/cmTC_0fe8d.dir/build
make[1]: Entering directory '/home/gom/darknet_workspace/build/CMakeFiles/CMakeTmp'
Building C object CMakeFiles/cmTC_0fe8d.dir/CheckSymbolExists.c.o
/usr/bin/cc     -o CMakeFiles/cmTC_0fe8d.dir/CheckSymbolExists.c.o   -c /home/gom/darknet_workspace/build/CMakeFiles/CMakeTmp/CheckSymbolExists.c
Linking C executable cmTC_0fe8d
/usr/bin/cmake -E cmake_link_script CMakeFiles/cmTC_0fe8d.dir/link.txt --verbose=1
/usr/bin/cc       CMakeFiles/cmTC_0fe8d.dir/CheckSymbolExists.c.o  -o cmTC_0fe8d -rdynamic 
CMakeFiles/cmTC_0fe8d.dir/CheckSymbolExists.c.o: In function `main':
CheckSymbolExists.c:(.text+0x16): undefined reference to `pthread_create'
collect2: error: ld returned 1 exit status
CMakeFiles/cmTC_0fe8d.dir/build.make:97: recipe for target 'cmTC_0fe8d' failed
make[1]: *** [cmTC_0fe8d] Error 1
make[1]: Leaving directory '/home/gom/darknet_workspace/build/CMakeFiles/CMakeTmp'
Makefile:126: recipe for target 'cmTC_0fe8d/fast' failed
make: *** [cmTC_0fe8d/fast] Error 2

File /home/gom/darknet_workspace/build/CMakeFiles/CMakeTmp/CheckSymbolExists.c:
/* */
#include <pthread.h>

int main(int argc, char** argv)
{
  (void)argv;
#ifndef pthread_create
  return ((int*)(&pthread_create))[argc];
#else
  (void)argc;
  return 0;
#endif
}

Determining if the function pthread_create exists in the pthreads failed with the following output:
Change Dir: /home/gom/darknet_workspace/build/CMakeFiles/CMakeTmp

Run Build Command:"/usr/bin/make" "cmTC_9998a/fast"
/usr/bin/make -f CMakeFiles/cmTC_9998a.dir/build.make CMakeFiles/cmTC_9998a.dir/build
make[1]: Entering directory '/home/gom/darknet_workspace/build/CMakeFiles/CMakeTmp'
Building C object CMakeFiles/cmTC_9998a.dir/CheckFunctionExists.c.o
/usr/bin/cc    -DCHECK_FUNCTION_EXISTS=pthread_create   -o CMakeFiles/cmTC_9998a.dir/CheckFunctionExists.c.o   -c /usr/share/cmake-3.5/Modules/CheckFunctionExists.c
Linking C executable cmTC_9998a
/usr/bin/cmake -E cmake_link_script CMakeFiles/cmTC_9998a.dir/link.txt --verbose=1
/usr/bin/cc   -DCHECK_FUNCTION_EXISTS=pthread_create    CMakeFiles/cmTC_9998a.dir/CheckFunctionExists.c.o  -o cmTC_9998a -rdynamic -lpthreads 
/usr/bin/ld: cannot find -lpthreads
collect2: error: ld returned 1 exit status
CMakeFiles/cmTC_9998a.dir/build.make:97: recipe for target 'cmTC_9998a' failed
make[1]: *** [cmTC_9998a] Error 1
make[1]: Leaving directory '/home/gom/darknet_workspace/build/CMakeFiles/CMakeTmp'
Makefile:126: recipe for target 'cmTC_9998a/fast' failed
make: *** [cmTC_9998a/fast] Error 2


