Determining if the pthread_create exist failed with the following output:
Change Dir: /home/gom/opencv_isyn_ws/build/CMakeFiles/CMakeTmp

Run Build Command:"/usr/bin/make" "cmTC_d1744/fast"
/usr/bin/make -f CMakeFiles/cmTC_d1744.dir/build.make CMakeFiles/cmTC_d1744.dir/build
make[1]: Entering directory '/home/gom/opencv_isyn_ws/build/CMakeFiles/CMakeTmp'
Building C object CMakeFiles/cmTC_d1744.dir/CheckSymbolExists.c.o
/usr/bin/cc     -o CMakeFiles/cmTC_d1744.dir/CheckSymbolExists.c.o   -c /home/gom/opencv_isyn_ws/build/CMakeFiles/CMakeTmp/CheckSymbolExists.c
Linking C executable cmTC_d1744
/usr/bin/cmake -E cmake_link_script CMakeFiles/cmTC_d1744.dir/link.txt --verbose=1
/usr/bin/cc       CMakeFiles/cmTC_d1744.dir/CheckSymbolExists.c.o  -o cmTC_d1744 -rdynamic 
CMakeFiles/cmTC_d1744.dir/CheckSymbolExists.c.o: In function `main':
CheckSymbolExists.c:(.text+0x16): undefined reference to `pthread_create'
collect2: error: ld returned 1 exit status
CMakeFiles/cmTC_d1744.dir/build.make:97: recipe for target 'cmTC_d1744' failed
make[1]: *** [cmTC_d1744] Error 1
make[1]: Leaving directory '/home/gom/opencv_isyn_ws/build/CMakeFiles/CMakeTmp'
Makefile:126: recipe for target 'cmTC_d1744/fast' failed
make: *** [cmTC_d1744/fast] Error 2

File /home/gom/opencv_isyn_ws/build/CMakeFiles/CMakeTmp/CheckSymbolExists.c:
/* */
#include <pthread.h>

int main(int argc, char** argv)
{
  (void)argv;
#ifndef pthread_create
  return ((int*)(&pthread_create))[argc];
#else
  (void)argc;
  return 0;
#endif
}

Determining if the function pthread_create exists in the pthreads failed with the following output:
Change Dir: /home/gom/opencv_isyn_ws/build/CMakeFiles/CMakeTmp

Run Build Command:"/usr/bin/make" "cmTC_03b16/fast"
/usr/bin/make -f CMakeFiles/cmTC_03b16.dir/build.make CMakeFiles/cmTC_03b16.dir/build
make[1]: Entering directory '/home/gom/opencv_isyn_ws/build/CMakeFiles/CMakeTmp'
Building C object CMakeFiles/cmTC_03b16.dir/CheckFunctionExists.c.o
/usr/bin/cc    -DCHECK_FUNCTION_EXISTS=pthread_create   -o CMakeFiles/cmTC_03b16.dir/CheckFunctionExists.c.o   -c /usr/share/cmake-3.5/Modules/CheckFunctionExists.c
Linking C executable cmTC_03b16
/usr/bin/cmake -E cmake_link_script CMakeFiles/cmTC_03b16.dir/link.txt --verbose=1
/usr/bin/cc   -DCHECK_FUNCTION_EXISTS=pthread_create    CMakeFiles/cmTC_03b16.dir/CheckFunctionExists.c.o  -o cmTC_03b16 -rdynamic -lpthreads 
/usr/bin/ld: cannot find -lpthreads
collect2: error: ld returned 1 exit status
CMakeFiles/cmTC_03b16.dir/build.make:97: recipe for target 'cmTC_03b16' failed
make[1]: *** [cmTC_03b16] Error 1
make[1]: Leaving directory '/home/gom/opencv_isyn_ws/build/CMakeFiles/CMakeTmp'
Makefile:126: recipe for target 'cmTC_03b16/fast' failed
make: *** [cmTC_03b16/fast] Error 2


